-------------------------------------------------------------------------------
Test set: com.learning.utils.CalculatorTest
-------------------------------------------------------------------------------
Tests run: 1, Failures: 1, Errors: 0, Skipped: 0, Time elapsed: 0.03 s <<< FAILURE! - in com.learning.utils.CalculatorTest
checkEmptyReturn0  Time elapsed: 0.022 s  <<< FAILURE!
org.opentest4j.AssertionFailedError: expected: <0> but was: <-2>
	at com.learning.utils.CalculatorTest.checkEmptyReturn0(CalculatorTest.java:12)

