<?xml version="1.0" encoding="UTF-8"?>
<testsuite xmlns:xsi="http://www.w3.org/2001/XMLSchema-instance" xsi:noNamespaceSchemaLocation="https://maven.apache.org/surefire/maven-surefire-plugin/xsd/surefire-test-report.xsd" name="com.learning.utils.CalculatorTest" time="0.023" tests="7" errors="0" skipped="0" failures="0">
  <properties>
[...]
</properties>
  <testcase name="addTwoNumsReturnSum" classname="com.learning.utils.CalculatorTest" time="0.013"/>
  <testcase name="checkEmptyReturn0" classname="com.learning.utils.CalculatorTest" time="0"/>
  <testcase name="notAddNegativeNumbers" classname="com.learning.utils.CalculatorTest" time="0.002"/>
  <testcase name="addNumsWithNewDelim" classname="com.learning.utils.CalculatorTest" time="0.001"/>
  <testcase name="addNumsWithNewlines" classname="com.learning.utils.CalculatorTest" time="0"/>
  <testcase name="singleNumDontAdd" classname="com.learning.utils.CalculatorTest" time="0"/>
  <testcase name="addAnyNumsReturnSum" classname="com.learning.utils.CalculatorTest" time="0.001"/>
</testsuite>