<?xml version="1.0" encoding="UTF-8"?>
<testsuite xmlns:xsi="http://www.w3.org/2001/XMLSchema-instance" xsi:noNamespaceSchemaLocation="https://maven.apache.org/surefire/maven-surefire-plugin/xsd/surefire-test-report.xsd" name="com.learning.utils.CalculatorTest" time="0.024" tests="9" errors="1" skipped="0" failures="0">
  <properties>
[...]
</properties>
  <testcase name="addTwoNumsReturnSum" classname="com.learning.utils.CalculatorTest" time="0.012"/>
  <testcase name="checkEmptyReturn0" classname="com.learning.utils.CalculatorTest" time="0.001"/>
  <testcase name="notAddNegativeNumbers" classname="com.learning.utils.CalculatorTest" time="0.001"/>
  <testcase name="addNumsWithNewDelim" classname="com.learning.utils.CalculatorTest" time="0.001"/>
  <testcase name="addNumsWithNewlines" classname="com.learning.utils.CalculatorTest" time="0.001"/>
  <testcase name="notAddGreaterNums" classname="com.learning.utils.CalculatorTest" time="0"/>
  <testcase name="acceptNLengthDelim" classname="com.learning.utils.CalculatorTest" time="0.005">
    <error message="For input string: &quot;//***\n1***2***3&quot;" type="java.lang.NumberFormatException">java.lang.NumberFormatException: For input string: "//***\n1***2***3"
	at com.learning.utils.CalculatorTest.acceptNLengthDelim(CalculatorTest.java:48)
</error>
  </testcase>
  <testcase name="singleNumDontAdd" classname="com.learning.utils.CalculatorTest" time="0.001"/>
  <testcase name="addAnyNumsReturnSum" classname="com.learning.utils.CalculatorTest" time="0"/>
</testsuite>